2025-05-28 19:01:29,451 - INFO - Repo already exists at ../official_stockfish
2025-05-28 19:01:29,451 - INFO - Binary already exists at stockfish_bin/official_stockfish, skipping build.
2025-05-28 19:01:29,451 - INFO - Repo already exists at ../patched_stockfish
2025-05-28 19:01:29,452 - INFO - Binary already exists at stockfish_bin/patched_stockfish, skipping build.
2025-05-28 19:01:29,452 - INFO - Done.
2025-05-28 19:01:29,452 - INFO - Activate the venv using the following command in the terminal/cmd:
2025-05-28 19:01:29,452 - INFO -   # Linux/macOS
2025-05-28 19:01:29,452 - INFO -   source venv/bin/activate
2025-05-28 19:01:29,452 - INFO - 
2025-05-28 19:01:29,452 - INFO -   # Windows CMD
2025-05-28 19:01:29,452 - INFO -   venv\Scripts\activate.bat
2025-05-28 19:01:29,452 - INFO - 
2025-05-28 19:01:29,452 - INFO -   # Windows PowerShell
2025-05-28 19:01:29,452 - INFO -   venv\Scripts\Activate.ps1
2025-05-28 19:01:29,452 - INFO - 
2025-05-28 19:01:29,452 - INFO - You can now run `src/main.py` inside the virtual environment.
2025-05-28 19:02:53,638 - INFO - PyYAML not found. Installing...
2025-05-28 19:06:58,431 - INFO - ruamel.yaml not found. Installing...
2025-05-28 19:07:00,507 - INFO - Repo already exists at ../official_stockfish
2025-05-28 19:07:00,507 - INFO - Binary already exists at stockfish_bin/official_stockfish, skipping build.
2025-05-28 19:07:00,508 - INFO - Repo already exists at ../patched_stockfish
2025-05-28 19:07:00,508 - INFO - Binary already exists at stockfish_bin/patched_stockfish, skipping build.
2025-05-28 19:07:00,508 - INFO - Done.
2025-05-28 19:07:00,508 - INFO - Activate the venv using the following command in the terminal/cmd:
2025-05-28 19:07:00,508 - INFO -   # Linux/macOS
2025-05-28 19:07:00,508 - INFO -   source venv/bin/activate
2025-05-28 19:07:00,508 - INFO - 
2025-05-28 19:07:00,508 - INFO -   # Windows CMD
2025-05-28 19:07:00,508 - INFO -   venv\Scripts\activate.bat
2025-05-28 19:07:00,508 - INFO - 
2025-05-28 19:07:00,508 - INFO -   # Windows PowerShell
2025-05-28 19:07:00,508 - INFO -   venv\Scripts\Activate.ps1
2025-05-28 19:07:00,509 - INFO - 
2025-05-28 19:07:00,509 - INFO - You can now run `src/main.py` inside the virtual environment.
